18:29:46.573 skipping bootstrap configuration: could not find or read file: classpath:karate-config.js
18:29:48.022 request:
1 > GET https://cybertek-reservation-api-qa2.herokuapp.com/sign?email=sbirdbj%40fc2.com&password=asenorval
1 > Accept: application/json
1 > Accept-Encoding: gzip,deflate
1 > Connection: Keep-Alive
1 > Host: cybertek-reservation-api-qa2.herokuapp.com
1 > User-Agent: Apache-HttpClient/4.5.12 (Java/13.0.1)

18:29:48.946 response time in milliseconds: 921.74
1 < 200
1 < Connection: close
1 < Content-Type: application/json
1 < Date: Wed, 24 Mar 2021 17:29:48 GMT
1 < Server: Jetty(9.4.8.v20171121)
1 < Via: 1.1 vegur
{"accessToken":"eyJhbGciOiJIUzI1NiJ9.eyJqdGkiOiI1NyIsImF1ZCI6InN0dWRlbnQtdGVhbS1sZWFkZXIifQ.a_N9URDBPGOMcDdEVoaMHsJtk3jOnig0v0SCtSWcsGE","refreshToken":"eyJhbGciOiJIUzI1NiJ9.eyJqdGkiOiI1NyIsImF1ZCI6InN0dWRlbnQtdGVhbS1sZWFkZXIifQ.a_N9URDBPGOMcDdEVoaMHsJtk3jOnig0v0SCtSWcsGE"}

18:29:48.952 [print] eyJhbGciOiJIUzI1NiJ9.eyJqdGkiOiI1NyIsImF1ZCI6InN0dWRlbnQtdGVhbS1sZWFkZXIifQ.a_N9URDBPGOMcDdEVoaMHsJtk3jOnig0v0SCtSWcsGE
18:29:49.019 [print] steven
18:29:49.024 [print] Token From Background eyJhbGciOiJIUzI1NiJ9.eyJqdGkiOiI1NyIsImF1ZCI6InN0dWRlbnQtdGVhbS1sZWFkZXIifQ.a_N9URDBPGOMcDdEVoaMHsJtk3jOnig0v0SCtSWcsGE
18:29:49.065 request:
1 > GET https://cybertek-reservation-api-qa2.herokuapp.com/api/users/me
1 > Accept: application/json
1 > Accept-Encoding: gzip,deflate
1 > Authorization: Bearer eyJhbGciOiJIUzI1NiJ9.eyJqdGkiOiI1NyIsImF1ZCI6InN0dWRlbnQtdGVhbS1sZWFkZXIifQ.a_N9URDBPGOMcDdEVoaMHsJtk3jOnig0v0SCtSWcsGE
1 > Connection: Keep-Alive
1 > Host: cybertek-reservation-api-qa2.herokuapp.com
1 > User-Agent: Apache-HttpClient/4.5.12 (Java/13.0.1)

18:29:49.529 response time in milliseconds: 461.86
1 < 200
1 < Connection: close
1 < Content-Type: application/json
1 < Date: Wed, 24 Mar 2021 17:29:49 GMT
1 < Server: Jetty(9.4.8.v20171121)
1 < Via: 1.1 vegur
{"id":57,"firstName":"Ase","lastName":"Norval","role":"student-team-leader"}

18:29:49.536 [print] {
  "firstName": "Ase",
  "lastName": "Norval",
  "role": "student-team-leader",
  "id": 57
}

18:29:49.548 skipping bootstrap configuration: could not find or read file: classpath:karate-config.js
18:29:49.568 request:
1 > GET https://api.exchangeratesapi.io/latest
1 > Accept-Encoding: gzip,deflate
1 > Connection: Keep-Alive
1 > Host: api.exchangeratesapi.io
1 > User-Agent: Apache-HttpClient/4.5.12 (Java/13.0.1)

18:29:49.701 response time in milliseconds: 132.24
1 < 200
1 < Access-Control-Allow-Credentials: true
1 < Access-Control-Allow-Methods: GET
1 < Access-Control-Allow-Origin: *
1 < Age: 1039
1 < CF-Cache-Status: HIT
1 < CF-RAY: 63519fb51cb32d28-LHR
1 < Cache-Control: max-age=1800
1 < Connection: keep-alive
1 < Content-Type: application/json
1 < Date: Wed, 24 Mar 2021 17:29:49 GMT
1 < Expect-CT: max-age=604800, report-uri="https://report-uri.cloudflare.com/cdn-cgi/beacon/expect-ct"
1 < NEL: {"report_to":"cf-nel","max_age":604800}
1 < Report-To: {"group":"cf-nel","endpoints":[{"url":"https:\/\/a.nel.cloudflare.com\/report?s=RKb7nSJjvpDI41xmNSsX%2FEoG27boTqTMAC518Ocz6wAFdKJzbheyNpMSTZTtWJWAyg1tl7olH2ouimdHdcAXj1MjyLAdEwytHSfi6E0O60Yr7J8Ho9MiZw%3D%3D"}],"max_age":604800}
1 < Server: cloudflare
1 < Set-Cookie: __cfduid=defaa881e97fcad0b0221081cb8deec601616606989; expires=Fri, 23-Apr-21 17:29:49 GMT; path=/; domain=.exchangeratesapi.io; HttpOnly; SameSite=Lax
1 < Transfer-Encoding: chunked
1 < Vary: Accept-Encoding
1 < cf-request-id: 0906e2252c00002d2892916000000001
{"rates":{"CAD":1.4884,"HKD":9.1863,"ISK":150.1,"PHP":57.468,"DKK":7.436,"HUF":364.93,"CZK":26.206,"AUD":1.5532,"RON":4.888,"SEK":10.1635,"IDR":17082.0,"INR":85.8585,"BRL":6.5258,"RUB":90.2013,"HRK":7.573,"JPY":128.6,"THB":36.658,"CHF":1.1068,"SGD":1.5917,"PLN":4.628,"BGN":1.9558,"TRY":9.4009,"CNY":7.7133,"NOK":10.1563,"NZD":1.6963,"ZAR":17.5248,"USD":1.1825,"MXN":24.5236,"ILS":3.8918,"GBP":0.8625,"KRW":1338.12,"MYR":4.8843},"base":"EUR","date":"2021-03-24"}

18:29:49.710 skipping bootstrap configuration: could not find or read file: classpath:karate-config.js
18:29:49.725 request:
1 > GET http://54.89.109.206:8000/api/spartans
1 > Accept-Encoding: gzip,deflate
1 > Connection: Keep-Alive
1 > Host: 54.89.109.206:8000
1 > User-Agent: Apache-HttpClient/4.5.12 (Java/13.0.1)

18:29:49.962 response time in milliseconds: 234.09
1 < 200
1 < Connection: keep-alive
1 < Content-Type: application/json
1 < Date: Wed, 24 Mar 2021 17:29:49 GMT
1 < Keep-Alive: timeout=60
1 < Transfer-Encoding: chunked
[{"id":1,"name":"Meade","gender":"Male","phone":3584128232},{"id":2,"name":"Nels","gender":"Male","phone":4218971348},{"id":3,"name":"Fidole","gender":"Male","phone":6105035231},{"id":4,"name":"Paige","gender":"Female","phone":3786741487},{"id":5,"name":"Blythe","gender":"Female","phone":3677539542},{"id":6,"name":"Tedmund","gender":"Male","phone":2227140732},{"id":7,"name":"Hershel","gender":"Male","phone":5278678322},{"id":8,"name":"Rodolfo","gender":"Male","phone":9601637574},{"id":9,"name":"Florrie","gender":"Female","phone":1702025787},{"id":10,"name":"Lorenza","gender":"Female","phone":3312820936},{"id":11,"name":"Nona","gender":"Female","phone":7959094216},{"id":12,"name":"Sol","gender":"Male","phone":7006438852},{"id":13,"name":"Jaimie","gender":"Female","phone":7842554879},{"id":14,"name":"Grenville","gender":"Male","phone":1065669615},{"id":15,"name":"Meta","gender":"Female","phone":1938695106},{"id":16,"name":"Sinclair","gender":"Male","phone":9714460354},{"id":17,"name":"Wash","gender":"Male","phone":4978976378},{"id":18,"name":"Allen","gender":"Male","phone":8716150217},{"id":19,"name":"Bunnie","gender":"Female","phone":7662992732},{"id":20,"name":"Lothario","gender":"Male","phone":7551551687},{"id":21,"name":"Mark","gender":"Male","phone":1852873386},{"id":22,"name":"Koenraad","gender":"Male","phone":8451740840},{"id":23,"name":"Mervin","gender":"Male","phone":9098436816},{"id":24,"name":"Julio","gender":"Male","phone":9393139934},{"id":25,"name":"Valentin","gender":"Male","phone":1536037088},{"id":26,"name":"Correy","gender":"Female","phone":7823876031},{"id":27,"name":"Jeanelle","gender":"Female","phone":6662999903},{"id":28,"name":"Woodrow","gender":"Male","phone":7411659821},{"id":29,"name":"Dorelle","gender":"Female","phone":6687391932},{"id":30,"name":"Melania","gender":"Female","phone":8916944276},{"id":31,"name":"Maressa","gender":"Female","phone":2018031787},{"id":32,"name":"Tessie","gender":"Female","phone":9545879168},{"id":33,"name":"Wilek","gender":"Male","phone":2877865902},{"id":34,"name":"Tucky","gender":"Male","phone":2935099804},{"id":35,"name":"Gardiner","gender":"Male","phone":3751113352},{"id":36,"name":"Sylas","gender":"Male","phone":9853891474},{"id":37,"name":"Grannie","gender":"Male","phone":1075127669},{"id":38,"name":"Juan","gender":"Male","phone":9614487605},{"id":39,"name":"Eveleen","gender":"Female","phone":1362642898},{"id":40,"name":"Druci","gender":"Female","phone":4507606768},{"id":41,"name":"Rosy","gender":"Female","phone":6721964988},{"id":42,"name":"Atlante","gender":"Female","phone":4579688654},{"id":43,"name":"Reid","gender":"Male","phone":8833893900},{"id":44,"name":"Panchito","gender":"Male","phone":7486765293},{"id":45,"name":"Heddie","gender":"Female","phone":1271425843},{"id":46,"name":"Delora","gender":"Female","phone":4115324496},{"id":47,"name":"Domenic","gender":"Male","phone":3952704485},{"id":48,"name":"Wyatt","gender":"Male","phone":7682768714},{"id":49,"name":"Reinaldo","gender":"Male","phone":3623233145},{"id":50,"name":"Jennica","gender":"Female","phone":6986436734},{"id":51,"name":"Padriac","gender":"Male","phone":8444611168},{"id":52,"name":"Tome","gender":"Male","phone":5654109704},{"id":53,"name":"Berna","gender":"Female","phone":2072918455},{"id":54,"name":"Bevon","gender":"Male","phone":9831834168},{"id":55,"name":"Karmen","gender":"Female","phone":5052029186},{"id":56,"name":"Ewan","gender":"Male","phone":5733729948},{"id":57,"name":"Freida","gender":"Female","phone":5712679899},{"id":58,"name":"Alfy","gender":"Female","phone":6529078662},{"id":59,"name":"Mickey","gender":"Male","phone":8775768925},{"id":60,"name":"Elisabeth","gender":"Female","phone":8165224005},{"id":61,"name":"Earlie","gender":"Male","phone":5709633007},{"id":62,"name":"Robinia","gender":"Female","phone":3542611707},{"id":63,"name":"Clayton","gender":"Male","phone":1782167106},{"id":64,"name":"Putnam","gender":"Male","phone":6744135688},{"id":65,"name":"Sean","gender":"Male","phone":8566508311},{"id":66,"name":"Quentin","gender":"Male","phone":3159018391},{"id":67,"name":"Janette","gender":"Female","phone":9887020445},{"id":68,"name":"Adda","gender":"Female","phone":5361981152},{"id":69,"name":"Elinor","gender":"Female","phone":3161765672},{"id":70,"name":"Abbey","gender":"Male","phone":1259516767},{"id":71,"name":"Collen","gender":"Female","phone":9614634242},{"id":72,"name":"Orion","gender":"Male","phone":7485352272},{"id":73,"name":"Amalita","gender":"Female","phone":2663607211},{"id":74,"name":"Chen","gender":"Male","phone":9537864587},{"id":75,"name":"Leland","gender":"Female","phone":9672110769},{"id":76,"name":"Arnie","gender":"Male","phone":4541117370},{"id":77,"name":"Stevana","gender":"Female","phone":1459126818},{"id":78,"name":"Cob","gender":"Male","phone":1853354209},{"id":79,"name":"Philis","gender":"Female","phone":2277085963},{"id":80,"name":"Jocelin","gender":"Female","phone":4299058649},{"id":81,"name":"Georgianne","gender":"Female","phone":9594130239},{"id":82,"name":"Catie","gender":"Female","phone":4758237746},{"id":83,"name":"Franky","gender":"Male","phone":7647130621},{"id":84,"name":"Saw","gender":"Male","phone":2673833440},{"id":85,"name":"Ingamar","gender":"Male","phone":6835038785},{"id":86,"name":"Brook","gender":"Female","phone":2655095364},{"id":87,"name":"Fenelia","gender":"Female","phone":6475942543},{"id":88,"name":"Julie","gender":"Male","phone":1279288759},{"id":89,"name":"Adan","gender":"Male","phone":8055782975},{"id":90,"name":"PutName","gender":"Male","phone":1231312321},{"id":91,"name":"Jaquenetta","gender":"Female","phone":7338210388},{"id":92,"name":"Caitlin","gender":"Female","phone":6911121800},{"id":93,"name":"Chanda","gender":"Female","phone":9289012086},{"id":94,"name":"Marylee","gender":"Female","phone":6385380284},{"id":95,"name":"Lilias","gender":"Female","phone":5986446659},{"id":96,"name":"Abie","gender":"Male","phone":1788387111},{"id":97,"name":"Saleem","gender":"Male","phone":6586151920},{"id":98,"name":"Elita","gender":"Female","phone":1042902741},{"id":99,"name":"Adair","gender":"Male","phone":3154964396},{"id":100,"name":"Terence","gender":"Male","phone":1311814806}]

18:29:49.971 [print] [
  {
    "gender": "Male",
    "phone": 3584128232,
    "name": "Meade",
    "id": 1
  },
  {
    "gender": "Male",
    "phone": 4218971348,
    "name": "Nels",
    "id": 2
  },
  {
    "gender": "Male",
    "phone": 6105035231,
    "name": "Fidole",
    "id": 3
  },
  {
    "gender": "Female",
    "phone": 3786741487,
    "name": "Paige",
    "id": 4
  },
  {
    "gender": "Female",
    "phone": 3677539542,
    "name": "Blythe",
    "id": 5
  },
  {
    "gender": "Male",
    "phone": 2227140732,
    "name": "Tedmund",
    "id": 6
  },
  {
    "gender": "Male",
    "phone": 5278678322,
    "name": "Hershel",
    "id": 7
  },
  {
    "gender": "Male",
    "phone": 9601637574,
    "name": "Rodolfo",
    "id": 8
  },
  {
    "gender": "Female",
    "phone": 1702025787,
    "name": "Florrie",
    "id": 9
  },
  {
    "gender": "Female",
    "phone": 3312820936,
    "name": "Lorenza",
    "id": 10
  },
  {
    "gender": "Female",
    "phone": 7959094216,
    "name": "Nona",
    "id": 11
  },
  {
    "gender": "Male",
    "phone": 7006438852,
    "name": "Sol",
    "id": 12
  },
  {
    "gender": "Female",
    "phone": 7842554879,
    "name": "Jaimie",
    "id": 13
  },
  {
    "gender": "Male",
    "phone": 1065669615,
    "name": "Grenville",
    "id": 14
  },
  {
    "gender": "Female",
    "phone": 1938695106,
    "name": "Meta",
    "id": 15
  },
  {
    "gender": "Male",
    "phone": 9714460354,
    "name": "Sinclair",
    "id": 16
  },
  {
    "gender": "Male",
    "phone": 4978976378,
    "name": "Wash",
    "id": 17
  },
  {
    "gender": "Male",
    "phone": 8716150217,
    "name": "Allen",
    "id": 18
  },
  {
    "gender": "Female",
    "phone": 7662992732,
    "name": "Bunnie",
    "id": 19
  },
  {
    "gender": "Male",
    "phone": 7551551687,
    "name": "Lothario",
    "id": 20
  },
  {
    "gender": "Male",
    "phone": 1852873386,
    "name": "Mark",
    "id": 21
  },
  {
    "gender": "Male",
    "phone": 8451740840,
    "name": "Koenraad",
    "id": 22
  },
  {
    "gender": "Male",
    "phone": 9098436816,
    "name": "Mervin",
    "id": 23
  },
  {
    "gender": "Male",
    "phone": 9393139934,
    "name": "Julio",
    "id": 24
  },
  {
    "gender": "Male",
    "phone": 1536037088,
    "name": "Valentin",
    "id": 25
  },
  {
    "gender": "Female",
    "phone": 7823876031,
    "name": "Correy",
    "id": 26
  },
  {
    "gender": "Female",
    "phone": 6662999903,
    "name": "Jeanelle",
    "id": 27
  },
  {
    "gender": "Male",
    "phone": 7411659821,
    "name": "Woodrow",
    "id": 28
  },
  {
    "gender": "Female",
    "phone": 6687391932,
    "name": "Dorelle",
    "id": 29
  },
  {
    "gender": "Female",
    "phone": 8916944276,
    "name": "Melania",
    "id": 30
  },
  {
    "gender": "Female",
    "phone": 2018031787,
    "name": "Maressa",
    "id": 31
  },
  {
    "gender": "Female",
    "phone": 9545879168,
    "name": "Tessie",
    "id": 32
  },
  {
    "gender": "Male",
    "phone": 2877865902,
    "name": "Wilek",
    "id": 33
  },
  {
    "gender": "Male",
    "phone": 2935099804,
    "name": "Tucky",
    "id": 34
  },
  {
    "gender": "Male",
    "phone": 3751113352,
    "name": "Gardiner",
    "id": 35
  },
  {
    "gender": "Male",
    "phone": 9853891474,
    "name": "Sylas",
    "id": 36
  },
  {
    "gender": "Male",
    "phone": 1075127669,
    "name": "Grannie",
    "id": 37
  },
  {
    "gender": "Male",
    "phone": 9614487605,
    "name": "Juan",
    "id": 38
  },
  {
    "gender": "Female",
    "phone": 1362642898,
    "name": "Eveleen",
    "id": 39
  },
  {
    "gender": "Female",
    "phone": 4507606768,
    "name": "Druci",
    "id": 40
  },
  {
    "gender": "Female",
    "phone": 6721964988,
    "name": "Rosy",
    "id": 41
  },
  {
    "gender": "Female",
    "phone": 4579688654,
    "name": "Atlante",
    "id": 42
  },
  {
    "gender": "Male",
    "phone": 8833893900,
    "name": "Reid",
    "id": 43
  },
  {
    "gender": "Male",
    "phone": 7486765293,
    "name": "Panchito",
    "id": 44
  },
  {
    "gender": "Female",
    "phone": 1271425843,
    "name": "Heddie",
    "id": 45
  },
  {
    "gender": "Female",
    "phone": 4115324496,
    "name": "Delora",
    "id": 46
  },
  {
    "gender": "Male",
    "phone": 3952704485,
    "name": "Domenic",
    "id": 47
  },
  {
    "gender": "Male",
    "phone": 7682768714,
    "name": "Wyatt",
    "id": 48
  },
  {
    "gender": "Male",
    "phone": 3623233145,
    "name": "Reinaldo",
    "id": 49
  },
  {
    "gender": "Female",
    "phone": 6986436734,
    "name": "Jennica",
    "id": 50
  },
  {
    "gender": "Male",
    "phone": 8444611168,
    "name": "Padriac",
    "id": 51
  },
  {
    "gender": "Male",
    "phone": 5654109704,
    "name": "Tome",
    "id": 52
  },
  {
    "gender": "Female",
    "phone": 2072918455,
    "name": "Berna",
    "id": 53
  },
  {
    "gender": "Male",
    "phone": 9831834168,
    "name": "Bevon",
    "id": 54
  },
  {
    "gender": "Female",
    "phone": 5052029186,
    "name": "Karmen",
    "id": 55
  },
  {
    "gender": "Male",
    "phone": 5733729948,
    "name": "Ewan",
    "id": 56
  },
  {
    "gender": "Female",
    "phone": 5712679899,
    "name": "Freida",
    "id": 57
  },
  {
    "gender": "Female",
    "phone": 6529078662,
    "name": "Alfy",
    "id": 58
  },
  {
    "gender": "Male",
    "phone": 8775768925,
    "name": "Mickey",
    "id": 59
  },
  {
    "gender": "Female",
    "phone": 8165224005,
    "name": "Elisabeth",
    "id": 60
  },
  {
    "gender": "Male",
    "phone": 5709633007,
    "name": "Earlie",
    "id": 61
  },
  {
    "gender": "Female",
    "phone": 3542611707,
    "name": "Robinia",
    "id": 62
  },
  {
    "gender": "Male",
    "phone": 1782167106,
    "name": "Clayton",
    "id": 63
  },
  {
    "gender": "Male",
    "phone": 6744135688,
    "name": "Putnam",
    "id": 64
  },
  {
    "gender": "Male",
    "phone": 8566508311,
    "name": "Sean",
    "id": 65
  },
  {
    "gender": "Male",
    "phone": 3159018391,
    "name": "Quentin",
    "id": 66
  },
  {
    "gender": "Female",
    "phone": 9887020445,
    "name": "Janette",
    "id": 67
  },
  {
    "gender": "Female",
    "phone": 5361981152,
    "name": "Adda",
    "id": 68
  },
  {
    "gender": "Female",
    "phone": 3161765672,
    "name": "Elinor",
    "id": 69
  },
  {
    "gender": "Male",
    "phone": 1259516767,
    "name": "Abbey",
    "id": 70
  },
  {
    "gender": "Female",
    "phone": 9614634242,
    "name": "Collen",
    "id": 71
  },
  {
    "gender": "Male",
    "phone": 7485352272,
    "name": "Orion",
    "id": 72
  },
  {
    "gender": "Female",
    "phone": 2663607211,
    "name": "Amalita",
    "id": 73
  },
  {
    "gender": "Male",
    "phone": 9537864587,
    "name": "Chen",
    "id": 74
  },
  {
    "gender": "Female",
    "phone": 9672110769,
    "name": "Leland",
    "id": 75
  },
  {
    "gender": "Male",
    "phone": 4541117370,
    "name": "Arnie",
    "id": 76
  },
  {
    "gender": "Female",
    "phone": 1459126818,
    "name": "Stevana",
    "id": 77
  },
  {
    "gender": "Male",
    "phone": 1853354209,
    "name": "Cob",
    "id": 78
  },
  {
    "gender": "Female",
    "phone": 2277085963,
    "name": "Philis",
    "id": 79
  },
  {
    "gender": "Female",
    "phone": 4299058649,
    "name": "Jocelin",
    "id": 80
  },
  {
    "gender": "Female",
    "phone": 9594130239,
    "name": "Georgianne",
    "id": 81
  },
  {
    "gender": "Female",
    "phone": 4758237746,
    "name": "Catie",
    "id": 82
  },
  {
    "gender": "Male",
    "phone": 7647130621,
    "name": "Franky",
    "id": 83
  },
  {
    "gender": "Male",
    "phone": 2673833440,
    "name": "Saw",
    "id": 84
  },
  {
    "gender": "Male",
    "phone": 6835038785,
    "name": "Ingamar",
    "id": 85
  },
  {
    "gender": "Female",
    "phone": 2655095364,
    "name": "Brook",
    "id": 86
  },
  {
    "gender": "Female",
    "phone": 6475942543,
    "name": "Fenelia",
    "id": 87
  },
  {
    "gender": "Male",
    "phone": 1279288759,
    "name": "Julie",
    "id": 88
  },
  {
    "gender": "Male",
    "phone": 8055782975,
    "name": "Adan",
    "id": 89
  },
  {
    "gender": "Male",
    "phone": 1231312321,
    "name": "PutName",
    "id": 90
  },
  {
    "gender": "Female",
    "phone": 7338210388,
    "name": "Jaquenetta",
    "id": 91
  },
  {
    "gender": "Female",
    "phone": 6911121800,
    "name": "Caitlin",
    "id": 92
  },
  {
    "gender": "Female",
    "phone": 9289012086,
    "name": "Chanda",
    "id": 93
  },
  {
    "gender": "Female",
    "phone": 6385380284,
    "name": "Marylee",
    "id": 94
  },
  {
    "gender": "Female",
    "phone": 5986446659,
    "name": "Lilias",
    "id": 95
  },
  {
    "gender": "Male",
    "phone": 1788387111,
    "name": "Abie",
    "id": 96
  },
  {
    "gender": "Male",
    "phone": 6586151920,
    "name": "Saleem",
    "id": 97
  },
  {
    "gender": "Female",
    "phone": 1042902741,
    "name": "Elita",
    "id": 98
  },
  {
    "gender": "Male",
    "phone": 3154964396,
    "name": "Adair",
    "id": 99
  },
  {
    "gender": "Male",
    "phone": 1311814806,
    "name": "Terence",
    "id": 100
  }
]

18:29:49.981 skipping bootstrap configuration: could not find or read file: classpath:karate-config.js
18:29:49.987 request:
1 > GET http://54.89.109.206:8000/api/spartans/10
1 > Accept-Encoding: gzip,deflate
1 > Connection: Keep-Alive
1 > Host: 54.89.109.206:8000
1 > User-Agent: Apache-HttpClient/4.5.12 (Java/13.0.1)

18:29:50.223 response time in milliseconds: 226.59
1 < 200
1 < Connection: keep-alive
1 < Content-Type: application/json
1 < Date: Wed, 24 Mar 2021 17:29:49 GMT
1 < Keep-Alive: timeout=60
1 < Transfer-Encoding: chunked
{"id":10,"name":"Lorenza","gender":"Female","phone":3312820936}

18:29:50.224 [print] {
  "gender": "Female",
  "phone": 3312820936,
  "name": "Lorenza",
  "id": 10
}

18:29:50.230 skipping bootstrap configuration: could not find or read file: classpath:karate-config.js
18:29:50.236 request:
1 > GET http://34.228.41.120:1000/ords/hr/regions
1 > Accept-Encoding: gzip,deflate
1 > Connection: Keep-Alive
1 > Host: 34.228.41.120:1000
1 > User-Agent: Apache-HttpClient/4.5.12 (Java/13.0.1)

18:29:50.488 response time in milliseconds: 250.38
1 < 301
1 < Location: http://34.228.41.120:1000/ords/hr/regions/
1 < Transfer-Encoding: chunked

18:29:50.491 request:
2 > GET http://34.228.41.120:1000/ords/hr/regions
2 > Accept-Encoding: gzip,deflate
2 > Connection: Keep-Alive
2 > Host: 34.228.41.120:1000
2 > User-Agent: Apache-HttpClient/4.5.12 (Java/13.0.1)

18:29:50.618 response time in milliseconds: 123.69
2 < 200
2 < Content-Type: application/json
2 < Date: Wed, 24 Mar 2021 17:29:40 GMT
2 < ETag: "n0RfIi41Uf6Et7Q3O+B1f2mBqcwP1POugILrR8mzso4cxYV8W+LHDsgXDLNxT7f0wQEMmqbJMEji2rFohO8F7A=="
2 < Transfer-Encoding: chunked
{"items":[{"region_id":56,"region_name":"RandomRegion","links":[{"rel":"self","href":"http://34.228.41.120:1000/ords/hr/regions/56"}]},{"region_id":998,"region_name":"Cybertek Saturn","links":[{"rel":"self","href":"http://34.228.41.120:1000/ords/hr/regions/998"}]},{"region_id":24,"region_name":"Cybertek Austria","links":[{"rel":"self","href":"http://34.228.41.120:1000/ords/hr/regions/24"}]},{"region_id":8,"region_name":"Cybertek Austria","links":[{"rel":"self","href":"http://34.228.41.120:1000/ords/hr/regions/8"}]},{"region_id":87,"region_name":"Cybertek Germany","links":[{"rel":"self","href":"http://34.228.41.120:1000/ords/hr/regions/87"}]},{"region_id":80,"region_name":"Cybertek Germany","links":[{"rel":"self","href":"http://34.228.41.120:1000/ords/hr/regions/80"}]},{"region_id":11,"region_name":"Cybertek Germany","links":[{"rel":"self","href":"http://34.228.41.120:1000/ords/hr/regions/11"}]},{"region_id":300,"region_name":"Cybertek Europe","links":[{"rel":"self","href":"http://34.228.41.120:1000/ords/hr/regions/300"}]},{"region_id":473,"region_name":"RandomRegion","links":[{"rel":"self","href":"http://34.228.41.120:1000/ords/hr/regions/473"}]},{"region_id":21,"region_name":"Cybertek SpainMD","links":[{"rel":"self","href":"http://34.228.41.120:1000/ords/hr/regions/21"}]},{"region_id":228,"region_name":"RandomRegion","links":[{"rel":"self","href":"http://34.228.41.120:1000/ords/hr/regions/228"}]},{"region_id":999,"region_name":"Cybertek Saturn","links":[{"rel":"self","href":"http://34.228.41.120:1000/ords/hr/regions/999"}]},{"region_id":555,"region_name":"DXB","links":[{"rel":"self","href":"http://34.228.41.120:1000/ords/hr/regions/555"}]},{"region_id":333,"region_name":"UX","links":[{"rel":"self","href":"http://34.228.41.120:1000/ords/hr/regions/333"}]},{"region_id":16,"region_name":"Jo's Land","links":[{"rel":"self","href":"http://34.228.41.120:1000/ords/hr/regions/16"}]},{"region_id":444,"region_name":"DXB2","links":[{"rel":"self","href":"http://34.228.41.120:1000/ords/hr/regions/444"}]},{"region_id":222,"region_name":"Vern","links":[{"rel":"self","href":"http://34.228.41.120:1000/ords/hr/regions/222"}]},{"region_id":158,"region_name":"Cybertfgek Germany","links":[{"rel":"self","href":"http://34.228.41.120:1000/ords/hr/regions/158"}]},{"region_id":159,"region_name":"Cybertfgek Germany","links":[{"rel":"self","href":"http://34.228.41.120:1000/ords/hr/regions/159"}]},{"region_id":1587,"region_name":"Cybertfgek Germany","links":[{"rel":"self","href":"http://34.228.41.120:1000/ords/hr/regions/1587"}]},{"region_id":1001,"region_name":"Cybertek ITALY","links":[{"rel":"self","href":"http://34.228.41.120:1000/ords/hr/regions/1001"}]},{"region_id":937,"region_name":"Cybertek Germany","links":[{"rel":"self","href":"http://34.228.41.120:1000/ords/hr/regions/937"}]},{"region_id":66,"region_name":"randomregion","links":[{"rel":"self","href":"http://34.228.41.120:1000/ords/hr/regions/66"}]},{"region_id":50,"region_name":"randomregion","links":[{"rel":"self","href":"http://34.228.41.120:1000/ords/hr/regions/50"}]},{"region_id":2578,"region_name":"Cybertek Germany","links":[{"rel":"self","href":"http://34.228.41.120:1000/ords/hr/regions/2578"}]}],"hasMore":true,"limit":25,"offset":0,"count":25,"links":[{"rel":"self","href":"http://34.228.41.120:1000/ords/hr/regions/"},{"rel":"edit","href":"http://34.228.41.120:1000/ords/hr/regions/"},{"rel":"describedby","href":"http://34.228.41.120:1000/ords/hr/metadata-catalog/regions/"},{"rel":"first","href":"http://34.228.41.120:1000/ords/hr/regions/"},{"rel":"next","href":"http://34.228.41.120:1000/ords/hr/regions/?offset=25"}]}

18:29:50.619 [print] {
  "offset": 0,
  "hasMore": true,
  "limit": 25,
  "count": 25,
  "links": [
    {
      "rel": "self",
      "href": "http://34.228.41.120:1000/ords/hr/regions/"
    },
    {
      "rel": "edit",
      "href": "http://34.228.41.120:1000/ords/hr/regions/"
    },
    {
      "rel": "describedby",
      "href": "http://34.228.41.120:1000/ords/hr/metadata-catalog/regions/"
    },
    {
      "rel": "first",
      "href": "http://34.228.41.120:1000/ords/hr/regions/"
    },
    {
      "rel": "next",
      "href": "http://34.228.41.120:1000/ords/hr/regions/?offset=25"
    }
  ],
  "items": [
    {
      "region_id": 56,
      "region_name": "RandomRegion",
      "links": [
        {
          "rel": "self",
          "href": "http://34.228.41.120:1000/ords/hr/regions/56"
        }
      ]
    },
    {
      "region_id": 998,
      "region_name": "Cybertek Saturn",
      "links": [
        {
          "rel": "self",
          "href": "http://34.228.41.120:1000/ords/hr/regions/998"
        }
      ]
    },
    {
      "region_id": 24,
      "region_name": "Cybertek Austria",
      "links": [
        {
          "rel": "self",
          "href": "http://34.228.41.120:1000/ords/hr/regions/24"
        }
      ]
    },
    {
      "region_id": 8,
      "region_name": "Cybertek Austria",
      "links": [
        {
          "rel": "self",
          "href": "http://34.228.41.120:1000/ords/hr/regions/8"
        }
      ]
    },
    {
      "region_id": 87,
      "region_name": "Cybertek Germany",
      "links": [
        {
          "rel": "self",
          "href": "http://34.228.41.120:1000/ords/hr/regions/87"
        }
      ]
    },
    {
      "region_id": 80,
      "region_name": "Cybertek Germany",
      "links": [
        {
          "rel": "self",
          "href": "http://34.228.41.120:1000/ords/hr/regions/80"
        }
      ]
    },
    {
      "region_id": 11,
      "region_name": "Cybertek Germany",
      "links": [
        {
          "rel": "self",
          "href": "http://34.228.41.120:1000/ords/hr/regions/11"
        }
      ]
    },
    {
      "region_id": 300,
      "region_name": "Cybertek Europe",
      "links": [
        {
          "rel": "self",
          "href": "http://34.228.41.120:1000/ords/hr/regions/300"
        }
      ]
    },
    {
      "region_id": 473,
      "region_name": "RandomRegion",
      "links": [
        {
          "rel": "self",
          "href": "http://34.228.41.120:1000/ords/hr/regions/473"
        }
      ]
    },
    {
      "region_id": 21,
      "region_name": "Cybertek SpainMD",
      "links": [
        {
          "rel": "self",
          "href": "http://34.228.41.120:1000/ords/hr/regions/21"
        }
      ]
    },
    {
      "region_id": 228,
      "region_name": "RandomRegion",
      "links": [
        {
          "rel": "self",
          "href": "http://34.228.41.120:1000/ords/hr/regions/228"
        }
      ]
    },
    {
      "region_id": 999,
      "region_name": "Cybertek Saturn",
      "links": [
        {
          "rel": "self",
          "href": "http://34.228.41.120:1000/ords/hr/regions/999"
        }
      ]
    },
    {
      "region_id": 555,
      "region_name": "DXB",
      "links": [
        {
          "rel": "self",
          "href": "http://34.228.41.120:1000/ords/hr/regions/555"
        }
      ]
    },
    {
      "region_id": 333,
      "region_name": "UX",
      "links": [
        {
          "rel": "self",
          "href": "http://34.228.41.120:1000/ords/hr/regions/333"
        }
      ]
    },
    {
      "region_id": 16,
      "region_name": "Jo's Land",
      "links": [
        {
          "rel": "self",
          "href": "http://34.228.41.120:1000/ords/hr/regions/16"
        }
      ]
    },
    {
      "region_id": 444,
      "region_name": "DXB2",
      "links": [
        {
          "rel": "self",
          "href": "http://34.228.41.120:1000/ords/hr/regions/444"
        }
      ]
    },
    {
      "region_id": 222,
      "region_name": "Vern",
      "links": [
        {
          "rel": "self",
          "href": "http://34.228.41.120:1000/ords/hr/regions/222"
        }
      ]
    },
    {
      "region_id": 158,
      "region_name": "Cybertfgek Germany",
      "links": [
        {
          "rel": "self",
          "href": "http://34.228.41.120:1000/ords/hr/regions/158"
        }
      ]
    },
    {
      "region_id": 159,
      "region_name": "Cybertfgek Germany",
      "links": [
        {
          "rel": "self",
          "href": "http://34.228.41.120:1000/ords/hr/regions/159"
        }
      ]
    },
    {
      "region_id": 1587,
      "region_name": "Cybertfgek Germany",
      "links": [
        {
          "rel": "self",
          "href": "http://34.228.41.120:1000/ords/hr/regions/1587"
        }
      ]
    },
    {
      "region_id": 1001,
      "region_name": "Cybertek ITALY",
      "links": [
        {
          "rel": "self",
          "href": "http://34.228.41.120:1000/ords/hr/regions/1001"
        }
      ]
    },
    {
      "region_id": 937,
      "region_name": "Cybertek Germany",
      "links": [
        {
          "rel": "self",
          "href": "http://34.228.41.120:1000/ords/hr/regions/937"
        }
      ]
    },
    {
      "region_id": 66,
      "region_name": "randomregion",
      "links": [
        {
          "rel": "self",
          "href": "http://34.228.41.120:1000/ords/hr/regions/66"
        }
      ]
    },
    {
      "region_id": 50,
      "region_name": "randomregion",
      "links": [
        {
          "rel": "self",
          "href": "http://34.228.41.120:1000/ords/hr/regions/50"
        }
      ]
    },
    {
      "region_id": 2578,
      "region_name": "Cybertek Germany",
      "links": [
        {
          "rel": "self",
          "href": "http://34.228.41.120:1000/ords/hr/regions/2578"
        }
      ]
    }
  ]
}

18:29:50.632 skipping bootstrap configuration: could not find or read file: classpath:karate-config.js
18:29:50.642 request:
1 > POST http://18.208.178.105:8000/api/spartans
1 > Accept: application/json
1 > Accept-Encoding: gzip,deflate
1 > Connection: Keep-Alive
1 > Content-Length: 55
1 > Content-Type: application/json; charset=UTF-8
1 > Host: 18.208.178.105:8000
1 > User-Agent: Apache-HttpClient/4.5.12 (Java/13.0.1)
{"gender":"Female","name":"Lorenza","phone":3123781237}

18:29:50.850 response time in milliseconds: 206.86
1 < 201
1 < Connection: keep-alive
1 < Content-Type: application/json
1 < Date: Wed, 24 Mar 2021 17:29:50 GMT
1 < Keep-Alive: timeout=60
1 < Location: http://18.208.178.105:8000/api/spartans/2213
1 < Transfer-Encoding: chunked
{"success":"A Spartan is Born!","data":{"id":2213,"name":"Lorenza","gender":"Female","phone":3123781237}}

18:29:50.851 [print] {
  "data": {
    "gender": "Female",
    "phone": 3123781237,
    "name": "Lorenza",
    "id": 2213
  },
  "success": "A Spartan is Born!"
}

18:29:50.857 skipping bootstrap configuration: could not find or read file: classpath:karate-config.js
18:29:51.813 [print] {
  "gender": "Male",
  "phone": 1606585523,
  "name": "Farrah"
}

18:29:51.853 skipping bootstrap configuration: could not find or read file: classpath:karate-config.js
18:29:52.082 request:
1 > POST http://18.208.178.105:8000/api/spartans
1 > Accept: application/json
1 > Accept-Encoding: gzip,deflate
1 > Connection: Keep-Alive
1 > Content-Length: 58
1 > Content-Type: application/json; charset=UTF-8
1 > Host: 18.208.178.105:8000
1 > User-Agent: Apache-HttpClient/4.5.12 (Java/13.0.1)
{"gender":"Female","phone":3600094195,"name":"Cassaundra"}

18:29:52.398 response time in milliseconds: 314.56
1 < 201
1 < Connection: keep-alive
1 < Content-Type: application/json
1 < Date: Wed, 24 Mar 2021 17:29:52 GMT
1 < Keep-Alive: timeout=60
1 < Location: http://18.208.178.105:8000/api/spartans/2215
1 < Transfer-Encoding: chunked
{"success":"A Spartan is Born!","data":{"id":2215,"name":"Cassaundra","gender":"Female","phone":3600094195}}

18:29:52.399 [print] {
  "data": {
    "gender": "Female",
    "phone": 3600094195,
    "name": "Cassaundra",
    "id": 2215
  },
  "success": "A Spartan is Born!"
}

18:29:52.425 request:
2 > DELETE http://18.208.178.105:8000/api/spartans/2215
2 > Accept-Encoding: gzip,deflate
2 > Connection: Keep-Alive
2 > Host: 18.208.178.105:8000
2 > User-Agent: Apache-HttpClient/4.5.12 (Java/13.0.1)

18:29:52.643 response time in milliseconds: 216.93
2 < 204
2 < Connection: keep-alive
2 < Content-Type: application/json
2 < Date: Wed, 24 Mar 2021 17:29:52 GMT
2 < Keep-Alive: timeout=60

